<?xml version="1.0" encoding="UTF-8"?>
<!-- Generated by org.testng.reporters.JUnitReportReporter -->
<testsuite hostname="Hiran" failures="0" tests="1" name="sprint1.testcase.TC5_Buy_BackPack" time="8.738" errors="0" timestamp="22 Aug 2024 06:00:01 GMT">
  <testcase classname="sprint1.testcase.TC5_Buy_BackPack" name="TC5_Buy_BackPack" time="8.738"/>
</testsuite> <!-- sprint1.testcase.TC5_Buy_BackPack -->
