<?xml version="1.0" encoding="UTF-8"?>
<!-- Generated by org.testng.reporters.JUnitReportReporter -->
<testsuite hostname="Hiran" failures="0" tests="3" name="sprint1.testcase.TC2_Login" time="6.134" errors="0" timestamp="22 Aug 2024 06:00:01 GMT">
  <testcase classname="sprint1.testcase.TC2_Login" name="TC2_Login" time="1.973"/>
  <testcase classname="sprint1.testcase.TC2_Login" name="TC2_Login_UserName" time="1.877"/>
  <testcase classname="sprint1.testcase.TC2_Login" name="TC2_Login_Constants" time="2.284"/>
</testsuite> <!-- sprint1.testcase.TC2_Login -->
